<?xml version="1.0" encoding="UTF-8"?>
<!-- Generated by org.testng.reporters.JUnitReportReporter -->
<testsuite hostname="LAPTOP-FT84V0UI" failures="0" tests="1" name="testAplikasiSPV.run.ModulIjin" time="68.824" errors="0" timestamp="2022-01-26T22:14:45 WIB" skipped="0">
  <testcase classname="testAplikasiSPV.run.ModulIjin" name="modulIjin" time="68.824"/>
  <system-out/>
</testsuite> <!-- testAplikasiSPV.run.ModulIjin -->
