<?xml version="1.0" encoding="UTF-8"?>
<!-- Generated by org.testng.reporters.JUnitReportReporter -->
<testsuite hostname="LAPTOP-FT84V0UI" failures="0" tests="1" name="testAplikasiSPV.run.CobaRunDaftarRequest" time="19.615" errors="0" timestamp="2022-01-29T02:17:56 WIB" skipped="0">
  <testcase classname="testAplikasiSPV.run.CobaRunDaftarRequest" name="modulGabungan" time="19.615"/>
  <system-out/>
</testsuite> <!-- testAplikasiSPV.run.CobaRunDaftarRequest -->
