<?xml version="1.0" encoding="UTF-8"?>
<!-- Generated by org.testng.reporters.JUnitReportReporter -->
<testsuite hostname="LAPTOP-FT84V0UI" failures="0" tests="1" name="testAplikasiSPV.run.Gabungan" time="325.073" errors="0" timestamp="2022-01-30T03:15:19 WIB" skipped="0">
  <testcase classname="testAplikasiSPV.run.Gabungan" name="modulGabungan" time="325.073"/>
  <system-out/>
</testsuite> <!-- testAplikasiSPV.run.Gabungan -->
